\BOOKMARK [0][-]{section*.2}{On The Diffusion of Sticky Particles in 1-D}{}% 2
\BOOKMARK [1][-]{section*.1}{Abstract}{section*.2}% 1
\BOOKMARK [1][-]{section*.3}{Introduction}{section*.2}% 3
\BOOKMARK [1][-]{section*.4}{The sticky particle model}{section*.2}% 4
\BOOKMARK [2][-]{section*.5}{Detailed Balance Proof}{section*.4}% 5
\BOOKMARK [2][-]{section*.6}{Equivalence to Ising Model at Equilibrium}{section*.4}% 6
\BOOKMARK [1][-]{section*.7}{Simulations}{section*.2}% 7
\BOOKMARK [2][-]{section*.8}{Transition in flow character}{section*.7}% 8
\BOOKMARK [2][-]{section*.9}{Effective diffusion constant}{section*.7}% 9
\BOOKMARK [2][-]{section*.10}{Self-organised density}{section*.7}% 10
\BOOKMARK [2][-]{section*.11}{Review of the simulations}{section*.7}% 11
\BOOKMARK [1][-]{section*.12}{Mean Field Theory for Flow}{section*.2}% 12
\BOOKMARK [2][-]{section*.13}{Lattice Mean Field Theory}{section*.12}% 13
\BOOKMARK [3][-]{section*.14}{Diffusion Equation: MFT Continuum Limit}{section*.13}% 14
\BOOKMARK [3][-]{section*.15}{Limiting Cases}{section*.13}% 15
\BOOKMARK [3][-]{section*.16}{Steady State Flow}{section*.13}% 16
\BOOKMARK [3][-]{section*.17}{Dirichlet Boundary Conditions}{section*.13}% 17
\BOOKMARK [3][-]{section*.18}{Interpretation of MFT}{section*.13}% 18
\BOOKMARK [1][-]{section*.19}{Discussion and conclusions}{section*.2}% 19
\BOOKMARK [1][-]{section*.20}{Acknowledgements}{section*.2}% 20
\BOOKMARK [1][-]{section*.21}{References}{section*.2}% 21
